
    ***********************************************************************
                  Generate a 2DMap for a pair of dyhedral types
        -------------------------------------------------------------

                                Version 1.1

                              Dr. Javier Ramos
                      Macromolecular Physics Department
                Instituto de Estructura de la Materia (IEM-CSIC)
                               Madrid (Spain)

        This utility is part of the polyanagro library. Polyanagro is an
        open-source python library to analyze simulations of polymer systems.

        This software is distributed under the terms of the
        GNU General Public License v3.0 (GNU GPLv3). A copy of
        the license (LICENSE.txt) is included with this distribution.

    ***********************************************************************
        
		Start Job at 14-03-2024 12:04:46 ============

		Command line: 
			python 2D_torsion_density_maps -t traj.part0001.trr --topo new_topo.tpr --phipsi /home/cgarcia/Trabajo_SIMULACION/SIMULACIONES_REALES/FS/iPP/02-REPLICATE_3_3_1/impropers.ndx /home/cgarcia/Trabajo_SIMULACION/SIMULACIONES_REALES/FS/iPP/02-REPLICATE_3_3_1/impropers.ndx --unwrap False
			         or
			2D_torsion_density_maps -t traj.part0001.trr --topo new_topo.tpr --phipsi /home/cgarcia/Trabajo_SIMULACION/SIMULACIONES_REALES/FS/iPP/02-REPLICATE_3_3_1/impropers.ndx /home/cgarcia/Trabajo_SIMULACION/SIMULACIONES_REALES/FS/iPP/02-REPLICATE_3_3_1/impropers.ndx --unwrap False

	*** Creating a trajectory from...
	traj.part0001.trr

	*** Building bonds from topology... 
	Setting bond orders: FALSE
	TIME(Building_bonds_from_topology): 27.629448 seconds
	*** End Building bonds from topology... 

	*** Adding topology 
	new_topo.tpr
	Number of frames: 27
	TIME(Adding topology): 0.593352 seconds
	*** End Adding topology

	Number of frames: 27
	TIME(Read_Trajectories): 28.223098 seconds
	*** End Creating a trajectory 

	ERROR: 14-03-2024 14 12:05:14: 
		 The file dihedral_data_dist.ndx cannot be found.
		 You can produce this file with the bond_distribution generate tool.
		 presents in this polyanagro suite.

